Analysis & Synthesis report for SixteenBitAlu
Fri May 19 23:40:59 2017
Quartus II 64-Bit Version 13.0.1 Build 232 06/12/2013 Service Pack 1 SJ Web Edition


---------------------
; Table of Contents ;
---------------------
  1. Legal Notice
  2. Analysis & Synthesis Summary
  3. Analysis & Synthesis Settings
  4. Parallel Compilation
  5. Analysis & Synthesis Source Files Read
  6. Analysis & Synthesis Resource Usage Summary
  7. Analysis & Synthesis Resource Utilization by Entity
  8. General Register Statistics
  9. Multiplexer Restructuring Statistics (Restructuring Performed)
 10. Elapsed Time Per Partition
 11. Analysis & Synthesis Messages



----------------
; Legal Notice ;
----------------
Copyright (C) 1991-2013 Altera Corporation
Your use of Altera Corporation's design tools, logic functions 
and other software and tools, and its AMPP partner logic 
functions, and any output files from any of the foregoing 
(including device programming or simulation files), and any 
associated documentation or information are expressly subject 
to the terms and conditions of the Altera Program License 
Subscription Agreement, Altera MegaCore Function License 
Agreement, or other applicable license agreement, including, 
without limitation, that your use is for the sole purpose of 
programming logic devices manufactured by Altera and sold by 
Altera or its authorized distributors.  Please refer to the 
applicable agreement for further details.



+--------------------------------------------------------------------------------------+
; Analysis & Synthesis Summary                                                         ;
+------------------------------------+-------------------------------------------------+
; Analysis & Synthesis Status        ; Successful - Fri May 19 23:40:59 2017           ;
; Quartus II 64-Bit Version          ; 13.0.1 Build 232 06/12/2013 SP 1 SJ Web Edition ;
; Revision Name                      ; SixteenBitAlu                                   ;
; Top-level Entity Name              ; SixteenBitAlu                                   ;
; Family                             ; Cyclone II                                      ;
; Total logic elements               ; 84                                              ;
;     Total combinational functions  ; 84                                              ;
;     Dedicated logic registers      ; 0                                               ;
; Total registers                    ; 0                                               ;
; Total pins                         ; 73                                              ;
; Total virtual pins                 ; 0                                               ;
; Total memory bits                  ; 0                                               ;
; Embedded Multiplier 9-bit elements ; 0                                               ;
; Total PLLs                         ; 0                                               ;
+------------------------------------+-------------------------------------------------+


+----------------------------------------------------------------------------------------------------------------------+
; Analysis & Synthesis Settings                                                                                        ;
+----------------------------------------------------------------------------+--------------------+--------------------+
; Option                                                                     ; Setting            ; Default Value      ;
+----------------------------------------------------------------------------+--------------------+--------------------+
; Device                                                                     ; EP2C5F256C6        ;                    ;
; Top-level entity name                                                      ; SixteenBitAlu      ; SixteenBitAlu      ;
; Family name                                                                ; Cyclone II         ; Cyclone IV GX      ;
; Use smart compilation                                                      ; Off                ; Off                ;
; Enable parallel Assembler and TimeQuest Timing Analyzer during compilation ; On                 ; On                 ;
; Enable compact report table                                                ; Off                ; Off                ;
; Restructure Multiplexers                                                   ; Auto               ; Auto               ;
; Create Debugging Nodes for IP Cores                                        ; Off                ; Off                ;
; Preserve fewer node names                                                  ; On                 ; On                 ;
; Disable OpenCore Plus hardware evaluation                                  ; Off                ; Off                ;
; Verilog Version                                                            ; Verilog_2001       ; Verilog_2001       ;
; VHDL Version                                                               ; VHDL_1993          ; VHDL_1993          ;
; State Machine Processing                                                   ; Auto               ; Auto               ;
; Safe State Machine                                                         ; Off                ; Off                ;
; Extract Verilog State Machines                                             ; On                 ; On                 ;
; Extract VHDL State Machines                                                ; On                 ; On                 ;
; Ignore Verilog initial constructs                                          ; Off                ; Off                ;
; Iteration limit for constant Verilog loops                                 ; 5000               ; 5000               ;
; Iteration limit for non-constant Verilog loops                             ; 250                ; 250                ;
; Add Pass-Through Logic to Inferred RAMs                                    ; On                 ; On                 ;
; Infer RAMs from Raw Logic                                                  ; On                 ; On                 ;
; Parallel Synthesis                                                         ; On                 ; On                 ;
; DSP Block Balancing                                                        ; Auto               ; Auto               ;
; NOT Gate Push-Back                                                         ; On                 ; On                 ;
; Power-Up Don't Care                                                        ; On                 ; On                 ;
; Remove Redundant Logic Cells                                               ; Off                ; Off                ;
; Remove Duplicate Registers                                                 ; On                 ; On                 ;
; Ignore CARRY Buffers                                                       ; Off                ; Off                ;
; Ignore CASCADE Buffers                                                     ; Off                ; Off                ;
; Ignore GLOBAL Buffers                                                      ; Off                ; Off                ;
; Ignore ROW GLOBAL Buffers                                                  ; Off                ; Off                ;
; Ignore LCELL Buffers                                                       ; Off                ; Off                ;
; Ignore SOFT Buffers                                                        ; On                 ; On                 ;
; Limit AHDL Integers to 32 Bits                                             ; Off                ; Off                ;
; Optimization Technique                                                     ; Balanced           ; Balanced           ;
; Carry Chain Length                                                         ; 70                 ; 70                 ;
; Auto Carry Chains                                                          ; On                 ; On                 ;
; Auto Open-Drain Pins                                                       ; On                 ; On                 ;
; Perform WYSIWYG Primitive Resynthesis                                      ; Off                ; Off                ;
; Auto ROM Replacement                                                       ; On                 ; On                 ;
; Auto RAM Replacement                                                       ; On                 ; On                 ;
; Auto Shift Register Replacement                                            ; Auto               ; Auto               ;
; Allow Shift Register Merging across Hierarchies                            ; Auto               ; Auto               ;
; Auto Clock Enable Replacement                                              ; On                 ; On                 ;
; Strict RAM Replacement                                                     ; Off                ; Off                ;
; Allow Synchronous Control Signals                                          ; On                 ; On                 ;
; Force Use of Synchronous Clear Signals                                     ; Off                ; Off                ;
; Auto RAM to Logic Cell Conversion                                          ; Off                ; Off                ;
; Auto Resource Sharing                                                      ; Off                ; Off                ;
; Allow Any RAM Size For Recognition                                         ; Off                ; Off                ;
; Allow Any ROM Size For Recognition                                         ; Off                ; Off                ;
; Allow Any Shift Register Size For Recognition                              ; Off                ; Off                ;
; Use LogicLock Constraints during Resource Balancing                        ; On                 ; On                 ;
; Ignore translate_off and synthesis_off directives                          ; Off                ; Off                ;
; Timing-Driven Synthesis                                                    ; Off                ; Off                ;
; Report Parameter Settings                                                  ; On                 ; On                 ;
; Report Source Assignments                                                  ; On                 ; On                 ;
; Report Connectivity Checks                                                 ; On                 ; On                 ;
; Ignore Maximum Fan-Out Assignments                                         ; Off                ; Off                ;
; Synchronization Register Chain Length                                      ; 2                  ; 2                  ;
; PowerPlay Power Optimization                                               ; Normal compilation ; Normal compilation ;
; HDL message level                                                          ; Level2             ; Level2             ;
; Suppress Register Optimization Related Messages                            ; Off                ; Off                ;
; Number of Removed Registers Reported in Synthesis Report                   ; 5000               ; 5000               ;
; Number of Swept Nodes Reported in Synthesis Report                         ; 5000               ; 5000               ;
; Number of Inverted Registers Reported in Synthesis Report                  ; 100                ; 100                ;
; Clock MUX Protection                                                       ; On                 ; On                 ;
; Auto Gated Clock Conversion                                                ; Off                ; Off                ;
; Block Design Naming                                                        ; Auto               ; Auto               ;
; SDC constraint protection                                                  ; Off                ; Off                ;
; Synthesis Effort                                                           ; Auto               ; Auto               ;
; Shift Register Replacement - Allow Asynchronous Clear Signal               ; On                 ; On                 ;
; Pre-Mapping Resynthesis Optimization                                       ; Off                ; Off                ;
; Analysis & Synthesis Message Level                                         ; Medium             ; Medium             ;
; Disable Register Merging Across Hierarchies                                ; Auto               ; Auto               ;
; Resource Aware Inference For Block RAM                                     ; On                 ; On                 ;
; Synthesis Seed                                                             ; 1                  ; 1                  ;
+----------------------------------------------------------------------------+--------------------+--------------------+


Parallel compilation was disabled, but you have multiple processors available. Enable parallel compilation to reduce compilation time.
+-------------------------------------+
; Parallel Compilation                ;
+----------------------------+--------+
; Processors                 ; Number ;
+----------------------------+--------+
; Number detected on machine ; 4      ;
; Maximum allowed            ; 1      ;
+----------------------------+--------+


+---------------------------------------------------------------------------------------------------------------------------------+
; Analysis & Synthesis Source Files Read                                                                                          ;
+----------------------------------+-----------------+-----------------+------------------------------------------------+---------+
; File Name with User-Entered Path ; Used in Netlist ; File Type       ; File Name with Absolute Path                   ; Library ;
+----------------------------------+-----------------+-----------------+------------------------------------------------+---------+
; SixteenBitAlu.vhd                ; yes             ; User VHDL File  ; C:/Users/user/Desktop/Alu 16/SixteenBitAlu.vhd ;         ;
; OneBitAlu.vhd                    ; yes             ; User VHDL File  ; C:/Users/user/Desktop/Alu 16/OneBitAlu.vhd     ;         ;
; my_package.vhd                   ; yes             ; User VHDL File  ; C:/Users/user/Desktop/Alu 16/my_package.vhd    ;         ;
; control_unit.vhd                 ; yes             ; User VHDL File  ; C:/Users/user/Desktop/Alu 16/control_unit.vhd  ;         ;
+----------------------------------+-----------------+-----------------+------------------------------------------------+---------+


+---------------------------------------------------------+
; Analysis & Synthesis Resource Usage Summary             ;
+---------------------------------------------+-----------+
; Resource                                    ; Usage     ;
+---------------------------------------------+-----------+
; Estimated Total logic elements              ; 84        ;
;                                             ;           ;
; Total combinational functions               ; 84        ;
; Logic element usage by number of LUT inputs ;           ;
;     -- 4 input functions                    ; 66        ;
;     -- 3 input functions                    ; 18        ;
;     -- <=2 input functions                  ; 0         ;
;                                             ;           ;
; Logic elements by mode                      ;           ;
;     -- normal mode                          ; 84        ;
;     -- arithmetic mode                      ; 0         ;
;                                             ;           ;
; Total registers                             ; 0         ;
;     -- Dedicated logic registers            ; 0         ;
;     -- I/O registers                        ; 0         ;
;                                             ;           ;
; I/O pins                                    ; 73        ;
; Embedded Multiplier 9-bit elements          ; 0         ;
; Maximum fan-out node                        ; opcode[0] ;
; Maximum fan-out                             ; 37        ;
; Total fan-out                               ; 350       ;
; Average fan-out                             ; 2.23      ;
+---------------------------------------------+-----------+


+-------------------------------------------------------------------------------------------------------------------------------------------------------------------------------------------------------+
; Analysis & Synthesis Resource Utilization by Entity                                                                                                                                                   ;
+----------------------------+-------------------+--------------+-------------+--------------+---------+-----------+------+--------------+-----------------------------------------------+--------------+
; Compilation Hierarchy Node ; LC Combinationals ; LC Registers ; Memory Bits ; DSP Elements ; DSP 9x9 ; DSP 18x18 ; Pins ; Virtual Pins ; Full Hierarchy Name                           ; Library Name ;
+----------------------------+-------------------+--------------+-------------+--------------+---------+-----------+------+--------------+-----------------------------------------------+--------------+
; |SixteenBitAlu             ; 84 (0)            ; 0 (0)        ; 0           ; 0            ; 0       ; 0         ; 73   ; 0            ; |SixteenBitAlu                                ; work         ;
;    |OneBitAlu:\u3:10:u4|   ; 5 (0)             ; 0 (0)        ; 0           ; 0            ; 0       ; 0         ; 0    ; 0            ; |SixteenBitAlu|OneBitAlu:\u3:10:u4            ; work         ;
;       |fulladd:U4|         ; 2 (2)             ; 0 (0)        ; 0           ; 0            ; 0       ; 0         ; 0    ; 0            ; |SixteenBitAlu|OneBitAlu:\u3:10:u4|fulladd:U4 ; work         ;
;       |mux2to1:U1|         ; 1 (1)             ; 0 (0)        ; 0           ; 0            ; 0       ; 0         ; 0    ; 0            ; |SixteenBitAlu|OneBitAlu:\u3:10:u4|mux2to1:U1 ; work         ;
;       |mux4to1:U6|         ; 2 (2)             ; 0 (0)        ; 0           ; 0            ; 0       ; 0         ; 0    ; 0            ; |SixteenBitAlu|OneBitAlu:\u3:10:u4|mux4to1:U6 ; work         ;
;    |OneBitAlu:\u3:11:u4|   ; 5 (0)             ; 0 (0)        ; 0           ; 0            ; 0       ; 0         ; 0    ; 0            ; |SixteenBitAlu|OneBitAlu:\u3:11:u4            ; work         ;
;       |fulladd:U4|         ; 2 (2)             ; 0 (0)        ; 0           ; 0            ; 0       ; 0         ; 0    ; 0            ; |SixteenBitAlu|OneBitAlu:\u3:11:u4|fulladd:U4 ; work         ;
;       |mux2to1:U1|         ; 1 (1)             ; 0 (0)        ; 0           ; 0            ; 0       ; 0         ; 0    ; 0            ; |SixteenBitAlu|OneBitAlu:\u3:11:u4|mux2to1:U1 ; work         ;
;       |mux4to1:U6|         ; 2 (2)             ; 0 (0)        ; 0           ; 0            ; 0       ; 0         ; 0    ; 0            ; |SixteenBitAlu|OneBitAlu:\u3:11:u4|mux4to1:U6 ; work         ;
;    |OneBitAlu:\u3:12:u4|   ; 5 (0)             ; 0 (0)        ; 0           ; 0            ; 0       ; 0         ; 0    ; 0            ; |SixteenBitAlu|OneBitAlu:\u3:12:u4            ; work         ;
;       |fulladd:U4|         ; 2 (2)             ; 0 (0)        ; 0           ; 0            ; 0       ; 0         ; 0    ; 0            ; |SixteenBitAlu|OneBitAlu:\u3:12:u4|fulladd:U4 ; work         ;
;       |mux2to1:U1|         ; 1 (1)             ; 0 (0)        ; 0           ; 0            ; 0       ; 0         ; 0    ; 0            ; |SixteenBitAlu|OneBitAlu:\u3:12:u4|mux2to1:U1 ; work         ;
;       |mux4to1:U6|         ; 2 (2)             ; 0 (0)        ; 0           ; 0            ; 0       ; 0         ; 0    ; 0            ; |SixteenBitAlu|OneBitAlu:\u3:12:u4|mux4to1:U6 ; work         ;
;    |OneBitAlu:\u3:13:u4|   ; 5 (0)             ; 0 (0)        ; 0           ; 0            ; 0       ; 0         ; 0    ; 0            ; |SixteenBitAlu|OneBitAlu:\u3:13:u4            ; work         ;
;       |fulladd:U4|         ; 2 (2)             ; 0 (0)        ; 0           ; 0            ; 0       ; 0         ; 0    ; 0            ; |SixteenBitAlu|OneBitAlu:\u3:13:u4|fulladd:U4 ; work         ;
;       |mux2to1:U1|         ; 1 (1)             ; 0 (0)        ; 0           ; 0            ; 0       ; 0         ; 0    ; 0            ; |SixteenBitAlu|OneBitAlu:\u3:13:u4|mux2to1:U1 ; work         ;
;       |mux4to1:U6|         ; 2 (2)             ; 0 (0)        ; 0           ; 0            ; 0       ; 0         ; 0    ; 0            ; |SixteenBitAlu|OneBitAlu:\u3:13:u4|mux4to1:U6 ; work         ;
;    |OneBitAlu:\u3:14:u4|   ; 5 (0)             ; 0 (0)        ; 0           ; 0            ; 0       ; 0         ; 0    ; 0            ; |SixteenBitAlu|OneBitAlu:\u3:14:u4            ; work         ;
;       |fulladd:U4|         ; 2 (2)             ; 0 (0)        ; 0           ; 0            ; 0       ; 0         ; 0    ; 0            ; |SixteenBitAlu|OneBitAlu:\u3:14:u4|fulladd:U4 ; work         ;
;       |mux2to1:U1|         ; 1 (1)             ; 0 (0)        ; 0           ; 0            ; 0       ; 0         ; 0    ; 0            ; |SixteenBitAlu|OneBitAlu:\u3:14:u4|mux2to1:U1 ; work         ;
;       |mux4to1:U6|         ; 2 (2)             ; 0 (0)        ; 0           ; 0            ; 0       ; 0         ; 0    ; 0            ; |SixteenBitAlu|OneBitAlu:\u3:14:u4|mux4to1:U6 ; work         ;
;    |OneBitAlu:\u3:1:u4|    ; 5 (0)             ; 0 (0)        ; 0           ; 0            ; 0       ; 0         ; 0    ; 0            ; |SixteenBitAlu|OneBitAlu:\u3:1:u4             ; work         ;
;       |fulladd:U4|         ; 2 (2)             ; 0 (0)        ; 0           ; 0            ; 0       ; 0         ; 0    ; 0            ; |SixteenBitAlu|OneBitAlu:\u3:1:u4|fulladd:U4  ; work         ;
;       |mux4to1:U6|         ; 3 (3)             ; 0 (0)        ; 0           ; 0            ; 0       ; 0         ; 0    ; 0            ; |SixteenBitAlu|OneBitAlu:\u3:1:u4|mux4to1:U6  ; work         ;
;    |OneBitAlu:\u3:2:u4|    ; 5 (0)             ; 0 (0)        ; 0           ; 0            ; 0       ; 0         ; 0    ; 0            ; |SixteenBitAlu|OneBitAlu:\u3:2:u4             ; work         ;
;       |fulladd:U4|         ; 2 (2)             ; 0 (0)        ; 0           ; 0            ; 0       ; 0         ; 0    ; 0            ; |SixteenBitAlu|OneBitAlu:\u3:2:u4|fulladd:U4  ; work         ;
;       |mux2to1:U1|         ; 1 (1)             ; 0 (0)        ; 0           ; 0            ; 0       ; 0         ; 0    ; 0            ; |SixteenBitAlu|OneBitAlu:\u3:2:u4|mux2to1:U1  ; work         ;
;       |mux4to1:U6|         ; 2 (2)             ; 0 (0)        ; 0           ; 0            ; 0       ; 0         ; 0    ; 0            ; |SixteenBitAlu|OneBitAlu:\u3:2:u4|mux4to1:U6  ; work         ;
;    |OneBitAlu:\u3:3:u4|    ; 5 (0)             ; 0 (0)        ; 0           ; 0            ; 0       ; 0         ; 0    ; 0            ; |SixteenBitAlu|OneBitAlu:\u3:3:u4             ; work         ;
;       |fulladd:U4|         ; 2 (2)             ; 0 (0)        ; 0           ; 0            ; 0       ; 0         ; 0    ; 0            ; |SixteenBitAlu|OneBitAlu:\u3:3:u4|fulladd:U4  ; work         ;
;       |mux2to1:U1|         ; 1 (1)             ; 0 (0)        ; 0           ; 0            ; 0       ; 0         ; 0    ; 0            ; |SixteenBitAlu|OneBitAlu:\u3:3:u4|mux2to1:U1  ; work         ;
;       |mux4to1:U6|         ; 2 (2)             ; 0 (0)        ; 0           ; 0            ; 0       ; 0         ; 0    ; 0            ; |SixteenBitAlu|OneBitAlu:\u3:3:u4|mux4to1:U6  ; work         ;
;    |OneBitAlu:\u3:4:u4|    ; 5 (0)             ; 0 (0)        ; 0           ; 0            ; 0       ; 0         ; 0    ; 0            ; |SixteenBitAlu|OneBitAlu:\u3:4:u4             ; work         ;
;       |fulladd:U4|         ; 2 (2)             ; 0 (0)        ; 0           ; 0            ; 0       ; 0         ; 0    ; 0            ; |SixteenBitAlu|OneBitAlu:\u3:4:u4|fulladd:U4  ; work         ;
;       |mux2to1:U1|         ; 1 (1)             ; 0 (0)        ; 0           ; 0            ; 0       ; 0         ; 0    ; 0            ; |SixteenBitAlu|OneBitAlu:\u3:4:u4|mux2to1:U1  ; work         ;
;       |mux4to1:U6|         ; 2 (2)             ; 0 (0)        ; 0           ; 0            ; 0       ; 0         ; 0    ; 0            ; |SixteenBitAlu|OneBitAlu:\u3:4:u4|mux4to1:U6  ; work         ;
;    |OneBitAlu:\u3:5:u4|    ; 5 (0)             ; 0 (0)        ; 0           ; 0            ; 0       ; 0         ; 0    ; 0            ; |SixteenBitAlu|OneBitAlu:\u3:5:u4             ; work         ;
;       |fulladd:U4|         ; 2 (2)             ; 0 (0)        ; 0           ; 0            ; 0       ; 0         ; 0    ; 0            ; |SixteenBitAlu|OneBitAlu:\u3:5:u4|fulladd:U4  ; work         ;
;       |mux2to1:U1|         ; 1 (1)             ; 0 (0)        ; 0           ; 0            ; 0       ; 0         ; 0    ; 0            ; |SixteenBitAlu|OneBitAlu:\u3:5:u4|mux2to1:U1  ; work         ;
;       |mux4to1:U6|         ; 2 (2)             ; 0 (0)        ; 0           ; 0            ; 0       ; 0         ; 0    ; 0            ; |SixteenBitAlu|OneBitAlu:\u3:5:u4|mux4to1:U6  ; work         ;
;    |OneBitAlu:\u3:6:u4|    ; 5 (0)             ; 0 (0)        ; 0           ; 0            ; 0       ; 0         ; 0    ; 0            ; |SixteenBitAlu|OneBitAlu:\u3:6:u4             ; work         ;
;       |fulladd:U4|         ; 2 (2)             ; 0 (0)        ; 0           ; 0            ; 0       ; 0         ; 0    ; 0            ; |SixteenBitAlu|OneBitAlu:\u3:6:u4|fulladd:U4  ; work         ;
;       |mux2to1:U1|         ; 1 (1)             ; 0 (0)        ; 0           ; 0            ; 0       ; 0         ; 0    ; 0            ; |SixteenBitAlu|OneBitAlu:\u3:6:u4|mux2to1:U1  ; work         ;
;       |mux4to1:U6|         ; 2 (2)             ; 0 (0)        ; 0           ; 0            ; 0       ; 0         ; 0    ; 0            ; |SixteenBitAlu|OneBitAlu:\u3:6:u4|mux4to1:U6  ; work         ;
;    |OneBitAlu:\u3:7:u4|    ; 5 (0)             ; 0 (0)        ; 0           ; 0            ; 0       ; 0         ; 0    ; 0            ; |SixteenBitAlu|OneBitAlu:\u3:7:u4             ; work         ;
;       |fulladd:U4|         ; 2 (2)             ; 0 (0)        ; 0           ; 0            ; 0       ; 0         ; 0    ; 0            ; |SixteenBitAlu|OneBitAlu:\u3:7:u4|fulladd:U4  ; work         ;
;       |mux2to1:U1|         ; 1 (1)             ; 0 (0)        ; 0           ; 0            ; 0       ; 0         ; 0    ; 0            ; |SixteenBitAlu|OneBitAlu:\u3:7:u4|mux2to1:U1  ; work         ;
;       |mux4to1:U6|         ; 2 (2)             ; 0 (0)        ; 0           ; 0            ; 0       ; 0         ; 0    ; 0            ; |SixteenBitAlu|OneBitAlu:\u3:7:u4|mux4to1:U6  ; work         ;
;    |OneBitAlu:\u3:8:u4|    ; 5 (0)             ; 0 (0)        ; 0           ; 0            ; 0       ; 0         ; 0    ; 0            ; |SixteenBitAlu|OneBitAlu:\u3:8:u4             ; work         ;
;       |fulladd:U4|         ; 2 (2)             ; 0 (0)        ; 0           ; 0            ; 0       ; 0         ; 0    ; 0            ; |SixteenBitAlu|OneBitAlu:\u3:8:u4|fulladd:U4  ; work         ;
;       |mux2to1:U1|         ; 1 (1)             ; 0 (0)        ; 0           ; 0            ; 0       ; 0         ; 0    ; 0            ; |SixteenBitAlu|OneBitAlu:\u3:8:u4|mux2to1:U1  ; work         ;
;       |mux4to1:U6|         ; 2 (2)             ; 0 (0)        ; 0           ; 0            ; 0       ; 0         ; 0    ; 0            ; |SixteenBitAlu|OneBitAlu:\u3:8:u4|mux4to1:U6  ; work         ;
;    |OneBitAlu:\u3:9:u4|    ; 5 (0)             ; 0 (0)        ; 0           ; 0            ; 0       ; 0         ; 0    ; 0            ; |SixteenBitAlu|OneBitAlu:\u3:9:u4             ; work         ;
;       |fulladd:U4|         ; 2 (2)             ; 0 (0)        ; 0           ; 0            ; 0       ; 0         ; 0    ; 0            ; |SixteenBitAlu|OneBitAlu:\u3:9:u4|fulladd:U4  ; work         ;
;       |mux2to1:U1|         ; 1 (1)             ; 0 (0)        ; 0           ; 0            ; 0       ; 0         ; 0    ; 0            ; |SixteenBitAlu|OneBitAlu:\u3:9:u4|mux2to1:U1  ; work         ;
;       |mux4to1:U6|         ; 2 (2)             ; 0 (0)        ; 0           ; 0            ; 0       ; 0         ; 0    ; 0            ; |SixteenBitAlu|OneBitAlu:\u3:9:u4|mux4to1:U6  ; work         ;
;    |OneBitAlu:u2|          ; 5 (0)             ; 0 (0)        ; 0           ; 0            ; 0       ; 0         ; 0    ; 0            ; |SixteenBitAlu|OneBitAlu:u2                   ; work         ;
;       |fulladd:U4|         ; 2 (2)             ; 0 (0)        ; 0           ; 0            ; 0       ; 0         ; 0    ; 0            ; |SixteenBitAlu|OneBitAlu:u2|fulladd:U4        ; work         ;
;       |mux4to1:U6|         ; 3 (3)             ; 0 (0)        ; 0           ; 0            ; 0       ; 0         ; 0    ; 0            ; |SixteenBitAlu|OneBitAlu:u2|mux4to1:U6        ; work         ;
;    |OneBitAlu:u5|          ; 5 (0)             ; 0 (0)        ; 0           ; 0            ; 0       ; 0         ; 0    ; 0            ; |SixteenBitAlu|OneBitAlu:u5                   ; work         ;
;       |fulladd:U4|         ; 2 (2)             ; 0 (0)        ; 0           ; 0            ; 0       ; 0         ; 0    ; 0            ; |SixteenBitAlu|OneBitAlu:u5|fulladd:U4        ; work         ;
;       |mux2to1:U1|         ; 1 (1)             ; 0 (0)        ; 0           ; 0            ; 0       ; 0         ; 0    ; 0            ; |SixteenBitAlu|OneBitAlu:u5|mux2to1:U1        ; work         ;
;       |mux4to1:U6|         ; 2 (2)             ; 0 (0)        ; 0           ; 0            ; 0       ; 0         ; 0    ; 0            ; |SixteenBitAlu|OneBitAlu:u5|mux4to1:U6        ; work         ;
;    |control_unit:u1|       ; 4 (4)             ; 0 (0)        ; 0           ; 0            ; 0       ; 0         ; 0    ; 0            ; |SixteenBitAlu|control_unit:u1                ; work         ;
+----------------------------+-------------------+--------------+-------------+--------------+---------+-----------+------+--------------+-----------------------------------------------+--------------+
Note: For table entries with two numbers listed, the numbers in parentheses indicate the number of resources of the given type used by the specific entity alone. The numbers listed outside of parentheses indicate the total resources of the given type used by the specific entity and all of its sub-entities in the hierarchy.


+------------------------------------------------------+
; General Register Statistics                          ;
+----------------------------------------------+-------+
; Statistic                                    ; Value ;
+----------------------------------------------+-------+
; Total registers                              ; 0     ;
; Number of registers using Synchronous Clear  ; 0     ;
; Number of registers using Synchronous Load   ; 0     ;
; Number of registers using Asynchronous Clear ; 0     ;
; Number of registers using Asynchronous Load  ; 0     ;
; Number of registers using Clock Enable       ; 0     ;
; Number of registers using Preset             ; 0     ;
+----------------------------------------------+-------+


+------------------------------------------------------------------------------------------------------------------------------------------------------------------+
; Multiplexer Restructuring Statistics (Restructuring Performed)                                                                                                   ;
+--------------------+-----------+---------------+----------------------+------------------------+------------+----------------------------------------------------+
; Multiplexer Inputs ; Bus Width ; Baseline Area ; Area if Restructured ; Saving if Restructured ; Registered ; Example Multiplexer Output                         ;
+--------------------+-----------+---------------+----------------------+------------------------+------------+----------------------------------------------------+
; 4:1                ; 16 bits   ; 32 LEs        ; 32 LEs               ; 0 LEs                  ; No         ; |SixteenBitAlu|OneBitAlu:\u3:10:u4|mux4to1:U6|Mux0 ;
+--------------------+-----------+---------------+----------------------+------------------------+------------+----------------------------------------------------+


+-------------------------------+
; Elapsed Time Per Partition    ;
+----------------+--------------+
; Partition Name ; Elapsed Time ;
+----------------+--------------+
; Top            ; 00:00:00     ;
+----------------+--------------+


+-------------------------------+
; Analysis & Synthesis Messages ;
+-------------------------------+
Info: *******************************************************************
Info: Running Quartus II 64-Bit Analysis & Synthesis
    Info: Version 13.0.1 Build 232 06/12/2013 Service Pack 1 SJ Web Edition
    Info: Processing started: Fri May 19 23:40:56 2017
Info: Command: quartus_map --read_settings_files=on --write_settings_files=off SixteenBitAlu -c SixteenBitAlu
Warning (20028): Parallel compilation is not licensed and has been disabled
Info (12021): Found 2 design units, including 1 entities, in source file sixteenbitalu.vhd
    Info (12022): Found design unit 1: SixteenBitAlu-structure
    Info (12023): Found entity 1: SixteenBitAlu
Info (12021): Found 3 design units, including 1 entities, in source file onebitalu.vhd
    Info (12022): Found design unit 1: OneBitAlu-structure
    Info (12022): Found design unit 2: OneBitAlu_package
    Info (12023): Found entity 1: OneBitAlu
Info (12021): Found 13 design units, including 6 entities, in source file my_package.vhd
    Info (12022): Found design unit 1: basic_func
    Info (12022): Found design unit 2: myAND2-model_conc
    Info (12022): Found design unit 3: myOR2-model_conc1
    Info (12022): Found design unit 4: fulladd-model_conc2
    Info (12022): Found design unit 5: myXOR2-model_conc3
    Info (12022): Found design unit 6: mux2to1-model_conc4
    Info (12022): Found design unit 7: mux4to1-model_conc5
    Info (12023): Found entity 1: myAND2
    Info (12023): Found entity 2: myOR2
    Info (12023): Found entity 3: fulladd
    Info (12023): Found entity 4: myXOR2
    Info (12023): Found entity 5: mux2to1
    Info (12023): Found entity 6: mux4to1
Info (12021): Found 3 design units, including 1 entities, in source file control_unit.vhd
    Info (12022): Found design unit 1: control_unit-behaivoral
    Info (12022): Found design unit 2: control_unit_package
    Info (12023): Found entity 1: control_unit
Info (12127): Elaborating entity "SixteenBitAlu" for the top level hierarchy
Info (12128): Elaborating entity "control_unit" for hierarchy "control_unit:u1"
Warning (10631): VHDL Process Statement warning at control_unit.vhd(14): inferring latch(es) for signal or variable "oper", which holds its previous value in one or more paths through the process
Warning (10631): VHDL Process Statement warning at control_unit.vhd(14): inferring latch(es) for signal or variable "ainv", which holds its previous value in one or more paths through the process
Warning (10631): VHDL Process Statement warning at control_unit.vhd(14): inferring latch(es) for signal or variable "binv", which holds its previous value in one or more paths through the process
Warning (10631): VHDL Process Statement warning at control_unit.vhd(14): inferring latch(es) for signal or variable "cin", which holds its previous value in one or more paths through the process
Info (10041): Inferred latch for "cin" at control_unit.vhd(14)
Info (10041): Inferred latch for "binv" at control_unit.vhd(14)
Info (10041): Inferred latch for "ainv" at control_unit.vhd(14)
Info (10041): Inferred latch for "oper[0]" at control_unit.vhd(14)
Info (10041): Inferred latch for "oper[1]" at control_unit.vhd(14)
Info (12128): Elaborating entity "OneBitAlu" for hierarchy "OneBitAlu:u2"
Info (12128): Elaborating entity "mux2to1" for hierarchy "OneBitAlu:u2|mux2to1:U0"
Warning (10631): VHDL Process Statement warning at my_package.vhd(102): inferring latch(es) for signal or variable "out1", which holds its previous value in one or more paths through the process
Info (12128): Elaborating entity "myAND2" for hierarchy "OneBitAlu:u2|myAND2:U2"
Info (12128): Elaborating entity "myOR2" for hierarchy "OneBitAlu:u2|myOR2:U3"
Info (12128): Elaborating entity "fulladd" for hierarchy "OneBitAlu:u2|fulladd:U4"
Info (12128): Elaborating entity "myXOR2" for hierarchy "OneBitAlu:u2|myXOR2:U5"
Info (12128): Elaborating entity "mux4to1" for hierarchy "OneBitAlu:u2|mux4to1:U6"
Warning (13034): The following nodes have both tri-state and non-tri-state drivers
    Warning (13035): Inserted always-enabled tri-state buffer between "overf" and its non-tri-state driver.
    Warning (13035): Inserted always-enabled tri-state buffer between "carry[0]" and its non-tri-state driver.
    Warning (13035): Inserted always-enabled tri-state buffer between "carry[1]" and its non-tri-state driver.
    Warning (13035): Inserted always-enabled tri-state buffer between "carry[2]" and its non-tri-state driver.
    Warning (13035): Inserted always-enabled tri-state buffer between "carry[3]" and its non-tri-state driver.
    Warning (13035): Inserted always-enabled tri-state buffer between "carry[4]" and its non-tri-state driver.
    Warning (13035): Inserted always-enabled tri-state buffer between "carry[5]" and its non-tri-state driver.
    Warning (13035): Inserted always-enabled tri-state buffer between "carry[6]" and its non-tri-state driver.
    Warning (13035): Inserted always-enabled tri-state buffer between "carry[7]" and its non-tri-state driver.
    Warning (13035): Inserted always-enabled tri-state buffer between "carry[8]" and its non-tri-state driver.
    Warning (13035): Inserted always-enabled tri-state buffer between "carry[9]" and its non-tri-state driver.
    Warning (13035): Inserted always-enabled tri-state buffer between "carry[10]" and its non-tri-state driver.
    Warning (13035): Inserted always-enabled tri-state buffer between "carry[11]" and its non-tri-state driver.
    Warning (13035): Inserted always-enabled tri-state buffer between "carry[12]" and its non-tri-state driver.
    Warning (13035): Inserted always-enabled tri-state buffer between "carry[13]" and its non-tri-state driver.
    Warning (13035): Inserted always-enabled tri-state buffer between "carry[14]" and its non-tri-state driver.
Warning (13039): The following bidir pins have no drivers
    Warning (13040): Bidir "carry[15]" has no driver
Info (13060): One or more bidirs are fed by always enabled tri-state buffers
    Info (13061): Fan-out of permanently enabled tri-state buffer feeding bidir "carry[0]" is moved to its source
    Info (13061): Fan-out of permanently enabled tri-state buffer feeding bidir "carry[1]" is moved to its source
    Info (13061): Fan-out of permanently enabled tri-state buffer feeding bidir "carry[2]" is moved to its source
    Info (13061): Fan-out of permanently enabled tri-state buffer feeding bidir "carry[3]" is moved to its source
    Info (13061): Fan-out of permanently enabled tri-state buffer feeding bidir "carry[4]" is moved to its source
    Info (13061): Fan-out of permanently enabled tri-state buffer feeding bidir "carry[5]" is moved to its source
    Info (13061): Fan-out of permanently enabled tri-state buffer feeding bidir "carry[6]" is moved to its source
    Info (13061): Fan-out of permanently enabled tri-state buffer feeding bidir "carry[7]" is moved to its source
    Info (13061): Fan-out of permanently enabled tri-state buffer feeding bidir "carry[8]" is moved to its source
    Info (13061): Fan-out of permanently enabled tri-state buffer feeding bidir "carry[9]" is moved to its source
    Info (13061): Fan-out of permanently enabled tri-state buffer feeding bidir "carry[10]" is moved to its source
    Info (13061): Fan-out of permanently enabled tri-state buffer feeding bidir "carry[11]" is moved to its source
    Info (13061): Fan-out of permanently enabled tri-state buffer feeding bidir "carry[12]" is moved to its source
    Info (13061): Fan-out of permanently enabled tri-state buffer feeding bidir "carry[13]" is moved to its source
    Info (13061): Fan-out of permanently enabled tri-state buffer feeding bidir "carry[14]" is moved to its source
Warning (13009): TRI or OPNDRN buffers permanently enabled
    Warning (13010): Node "overf~synth"
    Warning (13010): Node "carry[0]~synth"
    Warning (13010): Node "carry[1]~synth"
    Warning (13010): Node "carry[2]~synth"
    Warning (13010): Node "carry[3]~synth"
    Warning (13010): Node "carry[4]~synth"
    Warning (13010): Node "carry[5]~synth"
    Warning (13010): Node "carry[6]~synth"
    Warning (13010): Node "carry[7]~synth"
    Warning (13010): Node "carry[8]~synth"
    Warning (13010): Node "carry[9]~synth"
    Warning (13010): Node "carry[10]~synth"
    Warning (13010): Node "carry[11]~synth"
    Warning (13010): Node "carry[12]~synth"
    Warning (13010): Node "carry[13]~synth"
    Warning (13010): Node "carry[14]~synth"
Info (16010): Generating hard_block partition "hard_block:auto_generated_inst"
    Info (16011): Adding 0 node(s), including 0 DDIO, 0 PLL, 0 transceiver and 0 LCELL
Warning (21074): Design contains 5 input pin(s) that do not drive logic
    Warning (15610): No output dependent on input pin "ainv"
    Warning (15610): No output dependent on input pin "binv"
    Warning (15610): No output dependent on input pin "cin"
    Warning (15610): No output dependent on input pin "oper[0]"
    Warning (15610): No output dependent on input pin "oper[1]"
Info (21057): Implemented 157 device resources after synthesis - the final resource count might be different
    Info (21058): Implemented 40 input pins
    Info (21059): Implemented 16 output pins
    Info (21060): Implemented 17 bidirectional pins
    Info (21061): Implemented 84 logic cells
Info: Quartus II 64-Bit Analysis & Synthesis was successful. 0 errors, 48 warnings
    Info: Peak virtual memory: 502 megabytes
    Info: Processing ended: Fri May 19 23:40:59 2017
    Info: Elapsed time: 00:00:03
    Info: Total CPU time (on all processors): 00:00:03


